libs/exoplayer/player-lib/build/intermediates/manifest_merge_blame_file/release/manifest-merger-blame-release-report.txt
1<?xml version="1.0" encoding="utf-8"?>
2<!--
3 Copyright (C) 2017 The Android Open Source Project
4
5Licensed under the Apache License, Version 2.0 (the "License");
6you may not use this file except in compliance with the License.
7You may obtain a copy of the License at
8
9     http://www.apache.org/licenses/LICENSE-2.0
10
11Unless required by applicable law or agreed to in writing, software
12distributed under the License is distributed on an "AS IS" BASIS,
13WITHOUT WARRANTIES OR CONDITIONS OF ANY KIND, either express or implied.
14See the License for the specific language governing permissions and
15limitations under the License.
16-->
17<manifest xmlns:android="http://schemas.android.com/apk/res/android"
18    package="com.player.exoplayer" >
19
20    <uses-sdk android:minSdkVersion="28" />
20-->src\main\AndroidManifest.xml
21
22    <uses-permission android:name="android.permission.INTERNET" />
22-->src\main\AndroidManifest.xml:18:3-64
22-->src\main\AndroidManifest.xml:18:20-62
23
24    <application
24-->src\main\AndroidManifest.xml:20:3-24:48
25        android:allowBackup="true"
25-->src\main\AndroidManifest.xml:22:7-33
26        android:label="@string/app_name"
26-->src\main\AndroidManifest.xml:23:7-39
27        android:supportsRtl="true"
27-->src\main\AndroidManifest.xml:24:7-33
28        android:usesCleartextTraffic="true" />
28-->src\main\AndroidManifest.xml:21:7-42
29
30</manifest>